TN:
SF:constants.js
FNF:0
FNH:0
DA:1,1
DA:2,1
DA:3,1
DA:4,1
DA:5,1
LF:5
LH:5
BRF:0
BRH:0
end_of_record
TN:
SF:utils.js
FN:3,getProductTaxes
FN:12,roundToNearest
FNF:2
FNH:2
FNDA:3,getProductTaxes
FNDA:2,roundToNearest
DA:1,1
DA:2,1
DA:3,1
DA:4,3
DA:5,3
DA:6,3
DA:7,3
DA:8,3
DA:9,3
DA:10,1
DA:11,1
DA:12,1
DA:13,2
DA:14,2
DA:15,2
DA:16,2
DA:17,2
DA:18,1
DA:19,1
DA:20,1
DA:21,1
DA:22,1
DA:23,1
DA:24,1
DA:25,1
DA:26,1
DA:27,1
LF:27
LH:27
BRDA:3,0,0,3
BRDA:4,1,0,2
BRDA:4,2,0,1
BRDA:6,3,0,2
BRDA:6,4,0,1
BRDA:12,5,0,2
BRDA:17,6,0,1
BRF:7
BRH:7
end_of_record
